app/build/intermediates/manifest_merge_blame_file/debug/manifest-merger-blame-debug-report.txt
1<?xml version="1.0" encoding="utf-8"?>
2<manifest xmlns:android="http://schemas.android.com/apk/res/android"
3    package="com.example.localadmin.carfitbit"
4    android:versionCode="1"
5    android:versionName="1.0" >
6
7    <uses-sdk
8        android:minSdkVersion="23"
8-->src/main/AndroidManifest.xml
9        android:targetSdkVersion="29" />
9-->src/main/AndroidManifest.xml
10
11    <!-- To auto-complete the email text field in the login form with the user's emails -->
12    <uses-permission android:name="android.permission.GET_ACCOUNTS" />
12-->src/main/AndroidManifest.xml:7:5-70
12-->src/main/AndroidManifest.xml:7:22-68
13    <uses-permission android:name="android.permission.READ_PROFILE" />
13-->src/main/AndroidManifest.xml:8:5-70
13-->src/main/AndroidManifest.xml:8:22-68
14    <uses-permission android:name="android.permission.READ_CONTACTS" />
14-->src/main/AndroidManifest.xml:9:5-71
14-->src/main/AndroidManifest.xml:9:22-69
15    <uses-permission android:name="android.permission.INTERNET" />
15-->src/main/AndroidManifest.xml:10:5-66
15-->src/main/AndroidManifest.xml:10:22-64
16    <uses-permission android:name="android.permission.ACCESS_NETWORK_STATE" />
16-->src/main/AndroidManifest.xml:11:5-78
16-->src/main/AndroidManifest.xml:11:22-76
17    <uses-permission android:name="android.permission.ACCESS_FINE_LOCATION" />
17-->src/main/AndroidManifest.xml:12:5-78
17-->src/main/AndroidManifest.xml:12:22-76
18    <uses-permission android:name="android.permission.CALL_PHONE" />
18-->src/main/AndroidManifest.xml:13:5-68
18-->src/main/AndroidManifest.xml:13:22-66
19
20    <uses-feature
20-->[com.google.android.gms:play-services-maps:17.0.0] AndroidManifest.xml:26:5-28:35
21        android:glEsVersion="0x00020000"
21-->[com.google.android.gms:play-services-maps:17.0.0] AndroidManifest.xml:27:9-41
22        android:required="true" />
22-->[com.google.android.gms:play-services-maps:17.0.0] AndroidManifest.xml:28:9-32
23
24    <application
24-->src/main/AndroidManifest.xml:15:5-79:19
25        android:allowBackup="true"
25-->src/main/AndroidManifest.xml:16:13-39
26        android:appComponentFactory="androidx.core.app.CoreComponentFactory"
26-->[androidx.core:core:1.0.0] AndroidManifest.xml:22:18-86
27        android:debuggable="true"
28        android:icon="@mipmap/ic_launcher"
28-->src/main/AndroidManifest.xml:17:13-47
29        android:label="Car FitBit"
29-->src/main/AndroidManifest.xml:18:13-39
30        android:roundIcon="@mipmap/ic_launcher"
30-->src/main/AndroidManifest.xml:19:13-52
31        android:supportsRtl="true"
31-->src/main/AndroidManifest.xml:20:13-39
32        android:testOnly="true"
33        android:theme="@style/AppTheme" >
33-->src/main/AndroidManifest.xml:22:13-44
34        <meta-data
34-->src/main/AndroidManifest.xml:23:9-25:58
35            android:name="com.google.android.geo.API_KEY"
35-->src/main/AndroidManifest.xml:24:17-62
36            android:value="@string/google_maps_key" />
36-->src/main/AndroidManifest.xml:25:17-56
37
38        <activity
38-->src/main/AndroidManifest.xml:27:9-36:20
39            android:name="com.example.localadmin.carfitbit.HomeActivity"
39-->src/main/AndroidManifest.xml:28:17-45
40            android:label="Car FitBit"
40-->src/main/AndroidManifest.xml:29:17-43
41            android:theme="@style/AppTheme.NoActionBar" >
41-->src/main/AndroidManifest.xml:30:17-60
42            <intent-filter>
42-->src/main/AndroidManifest.xml:31:13-35:29
43                <action android:name="android.intent.action.MAIN" />
43-->src/main/AndroidManifest.xml:32:17-68
43-->src/main/AndroidManifest.xml:32:25-66
44
45                <category android:name="android.intent.category.LAUNCHER" />
45-->src/main/AndroidManifest.xml:34:17-76
45-->src/main/AndroidManifest.xml:34:27-74
46            </intent-filter>
47        </activity>
48        <activity
48-->src/main/AndroidManifest.xml:37:9-40:20
49            android:name="com.example.localadmin.carfitbit.LoginActivity"
49-->src/main/AndroidManifest.xml:38:17-46
50            android:label="@string/title_activity_login" >
50-->src/main/AndroidManifest.xml:39:17-61
51        </activity>
52        <activity
52-->src/main/AndroidManifest.xml:41:9-46:20
53            android:name="com.example.localadmin.carfitbit.Maps"
53-->src/main/AndroidManifest.xml:42:17-37
54            android:label="Service Finder"
54-->src/main/AndroidManifest.xml:43:17-47
55            android:parentActivityName="com.example.localadmin.carfitbit.HomeActivity"
55-->src/main/AndroidManifest.xml:44:17-59
56            android:theme="@style/AppTheme.NoActionBar" >
56-->src/main/AndroidManifest.xml:45:17-60
57        </activity>
58        <activity android:name="com.example.localadmin.carfitbit.MainActivity" >
58-->src/main/AndroidManifest.xml:47:9-48:20
58-->src/main/AndroidManifest.xml:47:19-47
59        </activity>
60
61        <meta-data
61-->src/main/AndroidManifest.xml:50:9-52:60
62            android:name="preloaded_fonts"
62-->src/main/AndroidManifest.xml:51:17-47
63            android:resource="@array/preloaded_fonts" />
63-->src/main/AndroidManifest.xml:52:17-58
64
65        <activity android:name="com.example.localadmin.carfitbit.SosActivity" >
65-->src/main/AndroidManifest.xml:54:9-55:20
65-->src/main/AndroidManifest.xml:54:19-46
66        </activity>
67        <activity
67-->src/main/AndroidManifest.xml:56:9-60:20
68            android:name="com.example.localadmin.carfitbit.InfoActivity"
68-->src/main/AndroidManifest.xml:57:17-45
69            android:label="Ankush Wadhwa Parking Services"
69-->src/main/AndroidManifest.xml:58:17-63
70            android:theme="@style/AppTheme.NoActionBar" >
70-->src/main/AndroidManifest.xml:59:17-60
71        </activity>
72        <activity
72-->src/main/AndroidManifest.xml:61:9-65:20
73            android:name="com.example.localadmin.carfitbit.ServiceActivity"
73-->src/main/AndroidManifest.xml:62:17-48
74            android:label="Ankush&apos;s Timeline"
74-->src/main/AndroidManifest.xml:63:17-55
75            android:theme="@style/AppTheme.NoActionBar" >
75-->src/main/AndroidManifest.xml:64:17-60
76        </activity>
77        <activity
77-->src/main/AndroidManifest.xml:66:9-69:20
78            android:name="com.example.localadmin.carfitbit.AddServiceActivity"
78-->src/main/AndroidManifest.xml:67:17-51
79            android:theme="@style/AppTheme.NoActionBar" >
79-->src/main/AndroidManifest.xml:68:17-60
80        </activity>
81        <activity
81-->src/main/AndroidManifest.xml:70:9-74:20
82            android:name="com.example.localadmin.carfitbit.TyreActivity"
82-->src/main/AndroidManifest.xml:71:17-45
83            android:label="Tyre Pressure and Stats"
83-->src/main/AndroidManifest.xml:72:17-56
84            android:theme="@style/AppTheme.NoActionBar" >
84-->src/main/AndroidManifest.xml:73:17-60
85        </activity>
86        <activity
86-->src/main/AndroidManifest.xml:75:9-78:20
87            android:name="com.example.localadmin.carfitbit.LocateActivity"
87-->src/main/AndroidManifest.xml:76:17-47
88            android:label="Locate Your Car" >
88-->src/main/AndroidManifest.xml:77:17-48
89        </activity>
90        <!-- Needs to be explicitly declared on P+ -->
91        <uses-library
91-->[com.google.android.gms:play-services-maps:17.0.0] AndroidManifest.xml:33:9-35:40
92            android:name="org.apache.http.legacy"
92-->[com.google.android.gms:play-services-maps:17.0.0] AndroidManifest.xml:34:13-50
93            android:required="false" />
93-->[com.google.android.gms:play-services-maps:17.0.0] AndroidManifest.xml:35:13-37
94
95        <activity
95-->[com.google.android.gms:play-services-base:17.0.0] AndroidManifest.xml:23:9-26:75
96            android:name="com.google.android.gms.common.api.GoogleApiActivity"
96-->[com.google.android.gms:play-services-base:17.0.0] AndroidManifest.xml:24:13-79
97            android:exported="false"
97-->[com.google.android.gms:play-services-base:17.0.0] AndroidManifest.xml:25:13-37
98            android:theme="@android:style/Theme.Translucent.NoTitleBar" />
98-->[com.google.android.gms:play-services-base:17.0.0] AndroidManifest.xml:26:13-72
99
100        <meta-data
100-->[com.google.android.gms:play-services-basement:17.0.0] AndroidManifest.xml:23:9-25:69
101            android:name="com.google.android.gms.version"
101-->[com.google.android.gms:play-services-basement:17.0.0] AndroidManifest.xml:24:13-58
102            android:value="@integer/google_play_services_version" />
102-->[com.google.android.gms:play-services-basement:17.0.0] AndroidManifest.xml:25:13-66
103    </application>
104
105</manifest>